<?xml version="1.0" encoding="utf-8"?><testsuites name="pytest tests"><testsuite name="pytest" errors="0" failures="0" skipped="0" tests="20" time="2.610" timestamp="2026-05-26T17:23:52.131190+00:00" hostname="agent-env-afd25cc1-88b4-430c-9ea4-abd04de51779"><testcase classname="backend.tests.test_api.TestHealth" name="test_health" time="0.164" /><testcase classname="backend.tests.test_api.TestNoAuth" name="test_auth_endpoints_gone[/auth/login]" time="0.118" /><testcase classname="backend.tests.test_api.TestNoAuth" name="test_auth_endpoints_gone[/auth/register]" time="0.183" /><testcase classname="backend.tests.test_api.TestNoAuth" name="test_auth_endpoints_gone[/auth/logout]" time="0.098" /><testcase classname="backend.tests.test_api.TestNoAuth" name="test_auth_endpoints_gone[/auth/me]" time="0.116" /><testcase classname="backend.tests.test_api.TestNoAuth" name="test_auth_endpoints_gone[/auth/reset-password]" time="0.106" /><testcase classname="backend.tests.test_api.TestProfile" name="test_get_profile_auto_seeded" time="0.055" /><testcase classname="backend.tests.test_api.TestProfile" name="test_update_profile_persists" time="0.122" /><testcase classname="backend.tests.test_api.TestPlants" name="test_create_plant" time="0.110" /><testcase classname="backend.tests.test_api.TestPlants" name="test_list_plants_contains_created" time="0.121" /><testcase classname="backend.tests.test_api.TestPlants" name="test_idempotent_create_with_client_id" time="0.152" /><testcase classname="backend.tests.test_api.TestPlants" name="test_get_nonexistent_plant_404" time="0.049" /><testcase classname="backend.tests.test_api.TestPlants" name="test_delete_plant_cascades_reminders" time="0.200" /><testcase classname="backend.tests.test_api.TestPlants" name="test_delete_nonexistent_plant_404" time="0.099" /><testcase classname="backend.tests.test_api.TestReminders" name="test_full_reminder_lifecycle" time="0.398" /><testcase classname="backend.tests.test_api.TestReminders" name="test_create_reminder_unknown_plant_404" time="0.100" /><testcase classname="backend.tests.test_api.TestPlantOfTheWeek" name="test_potw" time="0.052" /><testcase classname="backend.tests.test_api.TestRecommendations" name="test_no_filters" time="0.052" /><testcase classname="backend.tests.test_api.TestRecommendations" name="test_pet_friendly_filter" time="0.050" /><testcase classname="backend.tests.test_api.TestIdentify" name="test_identify_with_tiny_image" time="0.199" /></testsuite></testsuites>