<?xml version="1.0" encoding="utf-8"?><testsuites name="pytest tests"><testsuite name="pytest" errors="0" failures="1" skipped="0" tests="15" time="1.941" timestamp="2026-05-26T15:20:05.888903+00:00" hostname="agent-env-afd25cc1-88b4-430c-9ea4-abd04de51779"><testcase classname="backend.tests.test_api" name="test_health" time="0.279" /><testcase classname="backend.tests.test_api" name="test_create_user" time="0.056" /><testcase classname="backend.tests.test_api" name="test_get_user" time="0.055" /><testcase classname="backend.tests.test_api" name="test_update_user" time="0.051" /><testcase classname="backend.tests.test_api" name="test_get_user_404" time="0.055" /><testcase classname="backend.tests.test_api" name="test_save_plant" time="0.054" /><testcase classname="backend.tests.test_api" name="test_get_user_plants" time="0.050" /><testcase classname="backend.tests.test_api" name="test_create_reminder" time="0.062" /><testcase classname="backend.tests.test_api" name="test_get_reminders" time="0.054" /><testcase classname="backend.tests.test_api" name="test_update_reminder_with_json_body" time="0.105" /><testcase classname="backend.tests.test_api" name="test_recommendations" time="0.052" /><testcase classname="backend.tests.test_api" name="test_recommendations_pet_filter" time="0.050" /><testcase classname="backend.tests.test_api" name="test_identify_plant_real_image" time="0.803"><failure message="AssertionError: {&quot;detail&quot;:&quot;Error identifying plant: Failed to generate chat completion: litellm.AuthenticationError: GeminiException - {\n  \&quot;error\&quot;: {\n    \&quot;code\&quot;: 400,\n    \&quot;message\&quot;: \&quot;API key not valid. Please pass a valid API key.\&quot;,\n    \&quot;status\&quot;: \&quot;INVALID_ARGUMENT\&quot;,\n    \&quot;details\&quot;: [\n      {\n        \&quot;@type\&quot;: \&quot;type.googleapis.com/google.rpc.ErrorInfo\&quot;,\n        \&quot;reason\&quot;: \&quot;API_KEY_INVALID\&quot;,\n        \&quot;domain\&quot;: \&quot;googleapis.com\&quot;,\n        \&quot;metadata\&quot;: {\n          \&quot;service\&quot;: \&quot;generativelanguage.googleapis.com\&quot;\n        }\n      },\n      {\n        \&quot;@type\&quot;: \&quot;type.googleapis.com/google.rpc.LocalizedMessage\&quot;,\n        \&quot;locale\&quot;: \&quot;en-US\&quot;,\n        \&quot;message\&quot;: \&quot;API key not valid. Please pass a valid API key.\&quot;\n      }\n    ]\n  }\n}\n&quot;}&#10;assert 500 == 200&#10; +  where 500 = &lt;Response [500]&gt;.status_code">backend/tests/test_api.py:189: in test_identify_plant_real_image
    assert r.status_code == 200, r.text
E   AssertionError: {"detail":"Error identifying plant: Failed to generate chat completion: litellm.AuthenticationError: GeminiException - {\n  \"error\": {\n    \"code\": 400,\n    \"message\": \"API key not valid. Please pass a valid API key.\",\n    \"status\": \"INVALID_ARGUMENT\",\n    \"details\": [\n      {\n        \"@type\": \"type.googleapis.com/google.rpc.ErrorInfo\",\n        \"reason\": \"API_KEY_INVALID\",\n        \"domain\": \"googleapis.com\",\n        \"metadata\": {\n          \"service\": \"generativelanguage.googleapis.com\"\n        }\n      },\n      {\n        \"@type\": \"type.googleapis.com/google.rpc.LocalizedMessage\",\n        \"locale\": \"en-US\",\n        \"message\": \"API key not valid. Please pass a valid API key.\"\n      }\n    ]\n  }\n}\n"}
E   assert 500 == 200
E    +  where 500 = &lt;Response [500]&gt;.status_code</failure></testcase><testcase classname="backend.tests.test_api" name="test_delete_plant" time="0.056" /><testcase classname="backend.tests.test_api" name="test_delete_plant_404" time="0.056" /></testsuite></testsuites>